<?xml version="1.0" encoding="UTF-8"?>
<testng-results ignored="0" total="1" passed="1" failed="0" skipped="0">
  <reporter-output>
  </reporter-output>
  <suite started-at="2023-12-06T01:53:30 IST" name="Default suite" finished-at="2023-12-06T01:54:46 IST" duration-ms="75698">
    <groups>
    </groups>
    <test started-at="2023-12-06T01:53:30 IST" name="Default test" finished-at="2023-12-06T01:54:46 IST" duration-ms="75698">
      <class name="TestRunner.TourRun">
        <test-method is-config="true" signature="beforesuite()[pri:0, instance:TestRunner.TourRun@67d48005]" started-at="2023-12-06T01:53:30 IST" name="beforesuite" finished-at="2023-12-06T01:53:30 IST" duration-ms="712" status="PASS">
          <reporter-output>
          </reporter-output>
        </test-method> <!-- beforesuite -->
        <test-method is-config="true" signature="openurl()[pri:0, instance:TestRunner.TourRun@67d48005]" started-at="2023-12-06T01:53:30 IST" name="openurl" finished-at="2023-12-06T01:54:23 IST" duration-ms="52944" status="PASS">
          <reporter-output>
          </reporter-output>
        </test-method> <!-- openurl -->
        <test-method signature="Tourapplication()[pri:0, instance:TestRunner.TourRun@67d48005]" started-at="2023-12-06T01:54:23 IST" name="Tourapplication" finished-at="2023-12-06T01:54:45 IST" duration-ms="22042" status="PASS">
          <reporter-output>
          </reporter-output>
        </test-method> <!-- Tourapplication -->
        <test-method is-config="true" signature="down()[pri:0, instance:TestRunner.TourRun@67d48005]" started-at="2023-12-06T01:54:45 IST" name="down" finished-at="2023-12-06T01:54:46 IST" duration-ms="650" status="PASS">
          <reporter-output>
          </reporter-output>
        </test-method> <!-- down -->
        <test-method is-config="true" signature="closes()[pri:0, instance:TestRunner.TourRun@67d48005]" started-at="2023-12-06T01:54:46 IST" name="closes" finished-at="2023-12-06T01:54:47 IST" duration-ms="704" status="PASS">
          <reporter-output>
          </reporter-output>
        </test-method> <!-- closes -->
      </class> <!-- TestRunner.TourRun -->
    </test> <!-- Default test -->
  </suite> <!-- Default suite -->
</testng-results>
